Build started 15.10.2018 10:32:41.
     1>Project "C:\tmp\ProninI\mp1-practice\pronin_ip\Practice\Practice3\Practice3.vcxproj" on node 2 (Build target(s)).
     1>ClCompile:
         C:\Program Files (x86)\Microsoft Visual Studio 11.0\VC\bin\CL.exe /c /ZI /nologo /W3 /WX- /Od /Oy- /D WIN32 /D _DEBUG /D _CONSOLE /D _UNICODE /D UNICODE /Gm /EHsc /RTC1 /MDd /GS /fp:precise /Zc:wchar_t /Zc:forScope /Fo"Debug\\" /Fd"Debug\vc110.pdb" /Gd /TC /analyze- /errorReport:prompt Source.c
         Source.c
     1>c:\tmp\pronini\mp1-practice\pronin_ip\practice\practice3\source.c(11): warning C4996: 'scanf': This function or variable may be unsafe. Consider using scanf_s instead. To disable deprecation, use _CRT_SECURE_NO_WARNINGS. See online help for details.
                 c:\program files (x86)\microsoft visual studio 11.0\vc\include\stdio.h(290) : see declaration of 'scanf'
     1>c:\tmp\pronini\mp1-practice\pronin_ip\practice\practice3\source.c(12): error C2061: syntax error : identifier 'a'
     1>Done Building Project "C:\tmp\ProninI\mp1-practice\pronin_ip\Practice\Practice3\Practice3.vcxproj" (Build target(s)) -- FAILED.

Build FAILED.

Time Elapsed 00:00:04.69
